<?xml version="1.0" encoding="UTF-8"?>
<testng-results skipped="0" failed="0" ignored="0" total="1" passed="1">
  <reporter-output>
  </reporter-output>
  <suite name="Default suite" duration-ms="11531" started-at="2021-06-08T21:29:46 CEST" finished-at="2021-06-08T21:29:58 CEST">
    <groups>
    </groups>
    <test name="Default test" duration-ms="11531" started-at="2021-06-08T21:29:46 CEST" finished-at="2021-06-08T21:29:58 CEST">
      <class name="projekat_08_06.z2">
        <test-method status="PASS" signature="titleTest()[pri:0, instance:projekat_08_06.z2@4b1c1ea0]" name="titleTest" duration-ms="11465" started-at="2021-06-08T21:29:46 CEST" finished-at="2021-06-08T21:29:58 CEST">
          <reporter-output>
          </reporter-output>
        </test-method> <!-- titleTest -->
      </class> <!-- projekat_08_06.z2 -->
    </test> <!-- Default test -->
  </suite> <!-- Default suite -->
</testng-results>
